<?xml version="1.0" encoding="UTF-8"?>
<!-- Generated by org.testng.reporters.JUnitXMLReporter -->
<testsuite ignored="2" hostname="DESKTOP-B2FLU8A" failures="0" tests="7" name="Test" time="0.311" errors="0" timestamp="2024-02-18T16:51:42 IST">
  <testcase classname="package1.Class2Test" name="method1" time="0.026"/>
  <testcase classname="package1.Class2Test" name="method3" time="0.005"/>
  <testcase classname="package1.Class1Test" name="method1" time="0.006"/>
  <testcase classname="package1.Class1Test" name="method2" time="0.007"/>
  <testcase classname="package1.Class1Test" name="method3" time="0.009"/>
  <testcase classname="package1.Class3Test" name="method1" time="0.015"/>
  <testcase classname="package1.Class3Test" name="method3" time="0.004"/>
  <testcase classname="package1.Class3Test" name="method2" time="0.0">
    <ignored/>
  </testcase> <!-- method2 -->
  <testcase classname="package1.Class2Test" name="method2" time="0.0">
    <ignored/>
  </testcase> <!-- method2 -->
</testsuite> <!-- Test -->
