<?xml version="1.0" encoding="UTF-8"?>
<testng-results ignored="2" total="9" passed="7" failed="0" skipped="0">
  <reporter-output>
  </reporter-output>
  <suite started-at="2024-02-18T16:51:42 IST" name="Suite" finished-at="2024-02-18T16:51:42 IST" duration-ms="311">
    <groups>
      <group name="regression">
        <method signature="Class1Test.method3()[pri:0, instance:package1.Class1Test@793f29ff]" name="method3" class="package1.Class1Test"/>
        <method signature="Class2Test.method3()[pri:0, instance:package1.Class2Test@53fe15ff]" name="method3" class="package1.Class2Test"/>
        <method signature="Class3Test.method1()[pri:0, instance:package1.Class3Test@3e8c3cb]" name="method1" class="package1.Class3Test"/>
        <method signature="Class3Test.method3()[pri:0, instance:package1.Class3Test@3e8c3cb]" name="method3" class="package1.Class3Test"/>
      </group> <!-- regression -->
      <group name="smoke">
        <method signature="Class1Test.method1()[pri:0, instance:package1.Class1Test@793f29ff]" name="method1" class="package1.Class1Test"/>
        <method signature="Class1Test.method2(java.lang.String)[pri:0, instance:package1.Class1Test@793f29ff]" name="method2" class="package1.Class1Test"/>
        <method signature="Class2Test.method1()[pri:0, instance:package1.Class2Test@53fe15ff]" name="method1" class="package1.Class2Test"/>
        <method signature="Class3Test.method1()[pri:0, instance:package1.Class3Test@3e8c3cb]" name="method1" class="package1.Class3Test"/>
        <method signature="Class3Test.method3()[pri:0, instance:package1.Class3Test@3e8c3cb]" name="method3" class="package1.Class3Test"/>
      </group> <!-- smoke -->
    </groups>
    <test started-at="2024-02-18T16:51:42 IST" name="Test" finished-at="2024-02-18T16:51:42 IST" duration-ms="311">
      <class name="package1.Class2Test">
        <test-method signature="method1()[pri:0, instance:package1.Class2Test@53fe15ff]" started-at="2024-02-18T16:51:42 IST" name="method1" finished-at="2024-02-18T16:51:42 IST" duration-ms="26" status="PASS">
          <reporter-output>
          </reporter-output>
        </test-method> <!-- method1 -->
        <test-method signature="method3()[pri:0, instance:package1.Class2Test@53fe15ff]" started-at="2024-02-18T16:51:42 IST" name="method3" finished-at="2024-02-18T16:51:42 IST" duration-ms="5" status="PASS">
          <reporter-output>
          </reporter-output>
        </test-method> <!-- method3 -->
      </class> <!-- package1.Class2Test -->
      <class name="package1.Class3Test">
        <test-method signature="method1()[pri:0, instance:package1.Class3Test@3e8c3cb]" started-at="2024-02-18T16:51:42 IST" name="method1" finished-at="2024-02-18T16:51:42 IST" duration-ms="15" status="PASS">
          <reporter-output>
          </reporter-output>
        </test-method> <!-- method1 -->
        <test-method signature="method3()[pri:0, instance:package1.Class3Test@3e8c3cb]" started-at="2024-02-18T16:51:42 IST" name="method3" finished-at="2024-02-18T16:51:42 IST" duration-ms="4" status="PASS">
          <reporter-output>
          </reporter-output>
        </test-method> <!-- method3 -->
      </class> <!-- package1.Class3Test -->
      <class name="package1.Class1Test">
        <test-method signature="method1()[pri:0, instance:package1.Class1Test@793f29ff]" started-at="2024-02-18T16:51:42 IST" name="method1" finished-at="2024-02-18T16:51:42 IST" duration-ms="6" status="PASS">
          <reporter-output>
          </reporter-output>
        </test-method> <!-- method1 -->
        <test-method signature="method2(java.lang.String)[pri:0, instance:package1.Class1Test@793f29ff]" started-at="2024-02-18T16:51:42 IST" name="method2" finished-at="2024-02-18T16:51:42 IST" duration-ms="7" status="PASS">
          <params>
            <param index="0">
              <value>
                <![CDATA[rishikesh singh rajput]]>
              </value>
            </param>
          </params>
          <reporter-output>
          </reporter-output>
        </test-method> <!-- method2 -->
        <test-method signature="method3()[pri:0, instance:package1.Class1Test@793f29ff]" started-at="2024-02-18T16:51:42 IST" name="method3" finished-at="2024-02-18T16:51:42 IST" duration-ms="9" status="PASS">
          <reporter-output>
          </reporter-output>
        </test-method> <!-- method3 -->
      </class> <!-- package1.Class1Test -->
    </test> <!-- Test -->
  </suite> <!-- Suite -->
</testng-results>
